2026-07-01 00:48:17 [INFO] shabbat_detector.cycle_analyzer: Cycle aborted: returned to BOTTOM without reaching TOP
2026-07-01 01:31:38 [INFO] shabbat_detector.cycle_analyzer: Elevator idle 1880s — resetting cycle (was in _Phase.LEG_ONE)
2026-07-01 07:20:21 [INFO] shabbat_detector.cycle_analyzer: Cycle aborted: returned to BOTTOM without reaching TOP
2026-07-01 07:26:44 [INFO] shabbat_detector.cycle_analyzer: Elevator idle 452s — resetting cycle (was in _Phase.LEG_ONE)
2026-07-01 07:46:49 [INFO] shabbat_detector.cycle_analyzer: Elevator idle 367s — resetting cycle (was in _Phase.LEG_ONE)
2026-07-01 08:04:14 [INFO] shabbat_detector.cycle_analyzer: Elevator idle 362s — resetting cycle (was in _Phase.LEG_ONE)
2026-07-01 08:35:25 [WARNING] shabbat_detector.cycle_analyzer: Unexpected: touched opposite terminal again in leg 2
2026-07-01 08:43:31 [INFO] shabbat_detector.cycle_analyzer: Cycle complete: 1887s, up_stops=['-2', '-1', '0', '9', '7', '3', '1', '-1', '-2', '0', '3', '9', '-2', '10', '6', '-1', '0', '8', '6', '5', '-1', '-2', '10', '8', '7', '0', '-2', '-1', '4', '8', '3', '-2', '9', '3', '0', '-1', '-2', '0', '4', '8', '-1', '-2', '4', '5', '11', '-2', '0', '5', '7', '4', '0'], down_stops=['-1', '8', '-1', '-2', '0', '3', '4', '-1', '-2']
2026-07-01 08:43:31 [INFO] shabbat_detector.fsm: [A] DetectorState.CANDIDATE_SHABBAT → DetectorState.NORMAL
2026-07-01 08:43:31 [INFO] detector: SHABBAT TRANSITION CANDIDATE_SHABBAT -> NORMAL | סיבה: מחזור לא תאם — עצירות לא חוקיות בעלייה: ['1', '10', '11', '3', '4', '5', '6', '7', '8', '9']; עצירות לא חוקיות בירידה: ['4', '8']; כיסוי קומות חלקי (עלייה 100%, ירידה 44%); קפיצות-אחורה (עלייה 27, ירידה 4); חזרות על קומות (עלייה 38, ירידה 3); משך חריג 1887.0s (2.25× הצפוי 840.0s); 11 חריגות טיימינג
2026-07-01 08:45:02 [INFO] detector: Config updated remotely (keys=['SHABBAT_DETECTOR'])
2026-07-01 08:48:15 [INFO] shabbat_detector.cycle_analyzer: Cycle complete: 278s, up_stops=['-2', '-1', '0'], down_stops=['9', '-2', '0', '9', '10', '8', '-2']
2026-07-01 08:48:15 [INFO] shabbat_detector.fsm: [A] DetectorState.NORMAL → DetectorState.CANDIDATE_SHABBAT
2026-07-01 08:48:15 [INFO] detector: SHABBAT TRANSITION NORMAL -> CANDIDATE_SHABBAT | סיבה: מחזור אפשרי החל — ממתין להשלמה
2026-07-01 08:48:15 [INFO] shabbat_detector.fsm: [A] DetectorState.CANDIDATE_SHABBAT → DetectorState.NORMAL
2026-07-01 08:48:15 [INFO] detector: SHABBAT TRANSITION CANDIDATE_SHABBAT -> NORMAL | סיבה: מחזור לא תאם — עצירות לא חוקיות בירידה: ['10', '8']; כיסוי קומות חלקי (עלייה 100%, ירידה 33%); קפיצות-אחורה (עלייה 0, ירידה 3); משך חריג 278.0s (0.33× הצפוי 840.0s); 5 חריגות טיימינג
2026-07-01 08:48:15 [INFO] detector: Config updated remotely (keys=['SHABBAT_DETECTOR'])
2026-07-01 08:50:15 [INFO] detector: Config updated remotely (keys=['SHABBAT_DETECTOR'])
2026-07-01 08:55:07 [WARNING] shabbat_detector.cycle_analyzer: Unexpected: touched opposite terminal again in leg 2
2026-07-01 08:58:24 [WARNING] shabbat_detector.cycle_analyzer: Unexpected: touched opposite terminal again in leg 2
2026-07-01 09:02:08 [WARNING] shabbat_detector.cycle_analyzer: Unexpected: touched opposite terminal again in leg 2
2026-07-01 09:03:43 [INFO] shabbat_detector.cycle_analyzer: Cycle complete: 931s, up_stops=['-2', '-1', '-2', '9', '6', '-1', '-2', '-1', '4', '-1', '-1', '-2', '6', '11', '6', '-1', '-2', '-1', '-2', '-1'], down_stops=['8', '7', '-1', '-2', '9', '3', '-1']
2026-07-01 09:03:43 [INFO] shabbat_detector.fsm: [A] DetectorState.NORMAL → DetectorState.CANDIDATE_SHABBAT
2026-07-01 09:03:43 [INFO] detector: SHABBAT TRANSITION NORMAL -> CANDIDATE_SHABBAT | סיבה: מחזור אפשרי החל — ממתין להשלמה
2026-07-01 09:03:44 [INFO] shabbat_detector.fsm: [A] DetectorState.CANDIDATE_SHABBAT → DetectorState.NORMAL
2026-07-01 09:03:44 [INFO] detector: SHABBAT TRANSITION CANDIDATE_SHABBAT -> NORMAL | סיבה: מחזור לא תאם — עצירות לא חוקיות בעלייה: ['11', '4', '6', '9']; עצירות לא חוקיות בירידה: ['8']; כיסוי קומות חלקי (עלייה 67%, ירידה 56%); קפיצות-אחורה (עלייה 10, ירידה 1); חזרות על קומות (עלייה 14, ירידה 1); 6 חריגות טיימינג
2026-07-01 09:03:44 [INFO] detector: Config updated remotely (keys=['SHABBAT_DETECTOR'])
2026-07-01 09:05:14 [INFO] detector: Config updated remotely (keys=['SHABBAT_DETECTOR'])
2026-07-01 09:11:08 [WARNING] shabbat_detector.cycle_analyzer: Unexpected: touched opposite terminal again in leg 2
2026-07-01 09:16:12 [WARNING] shabbat_detector.cycle_analyzer: Unexpected: touched opposite terminal again in leg 2
2026-07-01 09:39:03 [WARNING] shabbat_detector.cycle_analyzer: Unexpected: touched opposite terminal again in leg 2
2026-07-01 09:41:23 [WARNING] shabbat_detector.cycle_analyzer: Unexpected: touched opposite terminal again in leg 2
2026-07-01 09:43:03 [WARNING] shabbat_detector.cycle_analyzer: Unexpected: touched opposite terminal again in leg 2
2026-07-01 09:46:21 [WARNING] shabbat_detector.cycle_analyzer: Unexpected: touched opposite terminal again in leg 2
2026-07-01 09:52:37 [WARNING] shabbat_detector.cycle_analyzer: Unexpected: touched opposite terminal again in leg 2
2026-07-01 09:56:52 [WARNING] shabbat_detector.cycle_analyzer: Unexpected: touched opposite terminal again in leg 2
2026-07-01 09:58:00 [WARNING] shabbat_detector.cycle_analyzer: Unexpected: touched opposite terminal again in leg 2
2026-07-01 09:59:39 [WARNING] shabbat_detector.cycle_analyzer: Unexpected: touched opposite terminal again in leg 2
2026-07-01 10:02:28 [WARNING] shabbat_detector.cycle_analyzer: Unexpected: touched opposite terminal again in leg 2
2026-07-01 10:05:37 [WARNING] shabbat_detector.cycle_analyzer: Unexpected: touched opposite terminal again in leg 2
2026-07-01 10:10:51 [WARNING] shabbat_detector.cycle_analyzer: Unexpected: touched opposite terminal again in leg 2
2026-07-01 10:11:59 [WARNING] shabbat_detector.cycle_analyzer: Unexpected: touched opposite terminal again in leg 2
2026-07-01 10:15:41 [WARNING] shabbat_detector.cycle_analyzer: Unexpected: touched opposite terminal again in leg 2
2026-07-01 10:20:58 [WARNING] shabbat_detector.cycle_analyzer: Unexpected: touched opposite terminal again in leg 2
2026-07-01 10:22:47 [WARNING] shabbat_detector.cycle_analyzer: Unexpected: touched opposite terminal again in leg 2
2026-07-01 10:31:31 [WARNING] shabbat_detector.cycle_analyzer: Unexpected: touched opposite terminal again in leg 2
2026-07-01 10:35:54 [WARNING] shabbat_detector.cycle_analyzer: Unexpected: touched opposite terminal again in leg 2
2026-07-01 10:41:17 [WARNING] shabbat_detector.cycle_analyzer: Unexpected: touched opposite terminal again in leg 2
2026-07-01 10:48:53 [WARNING] shabbat_detector.cycle_analyzer: Unexpected: touched opposite terminal again in leg 2
2026-07-01 10:50:35 [WARNING] shabbat_detector.cycle_analyzer: Unexpected: touched opposite terminal again in leg 2
2026-07-01 10:53:25 [WARNING] shabbat_detector.cycle_analyzer: Unexpected: touched opposite terminal again in leg 2
2026-07-01 10:54:58 [WARNING] shabbat_detector.cycle_analyzer: Unexpected: touched opposite terminal again in leg 2
2026-07-01 11:16:48 [WARNING] shabbat_detector.cycle_analyzer: Unexpected: touched opposite terminal again in leg 2
2026-07-01 11:21:26 [WARNING] shabbat_detector.cycle_analyzer: Unexpected: touched opposite terminal again in leg 2
2026-07-01 11:26:37 [WARNING] shabbat_detector.cycle_analyzer: Unexpected: touched opposite terminal again in leg 2
2026-07-01 11:28:57 [WARNING] shabbat_detector.cycle_analyzer: Unexpected: touched opposite terminal again in leg 2
2026-07-01 11:32:20 [WARNING] shabbat_detector.cycle_analyzer: Unexpected: touched opposite terminal again in leg 2
2026-07-01 11:40:31 [WARNING] shabbat_detector.cycle_analyzer: Unexpected: touched opposite terminal again in leg 2
2026-07-01 11:46:41 [INFO] shabbat_detector.cycle_analyzer: Cycle complete: 9777s, up_stops=['-2', '5', '3', '-1', '6', '-2', '3', '-2', '-1', '3', '-1', '2', '5', '4', '-1', '-2', '-1', '0', '1', '8', '-1', '6', '-2', '6', '4', '-1', '-2', '-1', '3', '5', '-1', '-2', '-1', '0', '8', '0', '-1', '-2', '-1', '-2', '9', '4', '-1', '-2', '-1', '9', '-2', '8', '9', '-1', '-2', '3', '6', '-1', '0', '-2', '4', '-1', '1', '8', '-1', '-2', '0', '4', '0', '4', '9', '1', '-1', '-2', '-1', '-1', '2', '2', '1', '0', '-1', '6', '-1', '2', '-1', '-2', '3', '7', '-2', '11', '-1', '8', '-1', '-1', '9', '7', '-2', '8', '11', '8', '-1', '-2', '-1', '3', '0', '8', '-2', '0', '7', '9', '3', '-1', '-2', '-2', '0', '8', '-2', '7', '8', '-2', '-2', '5', '-1', '2', '7', '10', '11', '8', '4', '-1', '-2', '9', '7', '-1', '-2', '7', '4', '-1', '-2', '-1', '7', '-2', '-2', '4', '10', '-1', '-2', '3', '8', '2', '3', '8', '2', '0', '-2', '-1', '4', '8', '-2', '-2', '-1', '2', '5', '-2', '4', '5', '6', '-1', '7', '-2', '-1', '2', '4', '8', '7', '-1', '-2', '-1', '-2', '5', '8', '11', '10', '9', '5', '3', '-1', '-2', '-1', '3', '7', '-1', '-2', '1', '1', '5', '-1', '-2', '-1', '7', '4', '-1', '4', '5', '-1', '4', '5', '8', '7', '-1', '0', '7', '5', '0', '-1', '8', '-1', '4', '-1', '10', '-1', '-1', '6', '-2', '-1', '0', '4', '-1', '4', '-1', '-1', '5', '-1', '9', '6', '4', '0', '-1', '-2', '11', '-1', '7', '5', '4', '-1', '4', '-1', '-2', '-1', '4', '5', '9', '-1', '10', '1', '-1', '11', '2', '-1', '0', '5', '10', '-1', '-1', '-2', '0', '-1', '-2', '-2', '-1', '-1', '7', '5', '10', '9', '-1', '3', '7', '-1', '0', '9', '-1', '-2', '1', '-1', '7'], down_stops=['9', '8', '5', '-1']
2026-07-01 11:46:41 [INFO] shabbat_detector.fsm: [A] DetectorState.NORMAL → DetectorState.CANDIDATE_SHABBAT
2026-07-01 11:46:41 [INFO] detector: SHABBAT TRANSITION NORMAL -> CANDIDATE_SHABBAT | סיבה: מחזור אפשרי החל — ממתין להשלמה
2026-07-01 11:46:41 [INFO] shabbat_detector.fsm: [A] DetectorState.CANDIDATE_SHABBAT → DetectorState.NORMAL
2026-07-01 11:46:41 [INFO] detector: SHABBAT TRANSITION CANDIDATE_SHABBAT -> NORMAL | סיבה: מחזור לא תאם — עצירות לא חוקיות בעלייה: ['1', '10', '11', '2', '3', '4', '5', '6', '7', '8', '9']; עצירות לא חוקיות בירידה: ['8']; כיסוי קומות חלקי (עלייה 100%, ירידה 33%); קפיצות-אחורה (עלייה 133, ירידה 0); חזרות על קומות (עלייה 268, ירידה 0); משך חריג 9777.0s (11.64× הצפוי 840.0s); 13 חריגות טיימינג
2026-07-01 11:46:42 [INFO] detector: Config updated remotely (keys=['SHABBAT_DETECTOR'])
2026-07-01 11:49:11 [INFO] detector: Config updated remotely (keys=['SHABBAT_DETECTOR'])
2026-07-01 11:53:00 [WARNING] shabbat_detector.cycle_analyzer: Unexpected: touched opposite terminal again in leg 2
2026-07-01 11:59:54 [INFO] shabbat_detector.cycle_analyzer: Elevator idle 365s — resetting cycle (was in _Phase.LEG_TWO)
2026-07-01 12:09:28 [INFO] shabbat_detector.fsm: [A] DetectorState.NORMAL → DetectorState.CANDIDATE_SHABBAT
2026-07-01 12:09:28 [INFO] detector: SHABBAT TRANSITION NORMAL -> CANDIDATE_SHABBAT | סיבה: מחזור אפשרי החל — ממתין להשלמה
2026-07-01 12:11:29 [INFO] detector: Config updated remotely (keys=['SHABBAT_DETECTOR'])
2026-07-01 12:37:59 [INFO] shabbat_detector.cycle_analyzer: Elevator idle 310s — resetting cycle (was in _Phase.LEG_ONE)
2026-07-01 13:04:30 [INFO] shabbat_detector.cycle_analyzer: Elevator idle 536s — resetting cycle (was in _Phase.LEG_ONE)
2026-07-01 13:20:37 [INFO] shabbat_detector.cycle_analyzer: Cycle aborted: returned to BOTTOM without reaching TOP
2026-07-01 13:21:48 [INFO] shabbat_detector.cycle_analyzer: Cycle aborted: returned to BOTTOM without reaching TOP
2026-07-01 13:24:19 [INFO] shabbat_detector.cycle_analyzer: Cycle aborted: returned to BOTTOM without reaching TOP
2026-07-01 13:36:18 [INFO] shabbat_detector.cycle_analyzer: Cycle aborted: returned to BOTTOM without reaching TOP
2026-07-01 13:38:43 [INFO] shabbat_detector.cycle_analyzer: Cycle aborted: returned to BOTTOM without reaching TOP
2026-07-01 13:44:24 [INFO] shabbat_detector.cycle_analyzer: Cycle aborted: returned to BOTTOM without reaching TOP
