2026-06-28 14:01:37 [INFO] detector: Detector starting for elevator D (test_mode=False)
2026-06-28 14:01:38 [INFO] detector: Loaded config: TOP=12 BOTTOM=-3 TIME_PER_FLOOR=26
2026-06-28 14:01:38 [INFO] shabbat_detector.state_persistence: Restored state from /var/lib/shabbat_detector/state_D.json
2026-06-28 14:01:38 [INFO] detector: FSM restored: state=DetectorState.CANDIDATE_SHABBAT
2026-06-28 14:01:38 [INFO] detector: AutoLearner restored: 1177 cycle(s)
2026-06-28 14:01:38 [INFO] shabbat_detector.firebase_client: SSE stream connecting: https://ramada-elev-default-rtdb.europe-west1.firebasedatabase.app/elevator_configs/D.json
2026-06-28 14:01:38 [INFO] shabbat_detector.firebase_client: SSE stream connecting: https://ramada-elev-default-rtdb.europe-west1.firebasedatabase.app/settings.json
2026-06-28 14:01:38 [INFO] detector: Listening for elevator events...
2026-06-28 14:01:38 [INFO] shabbat_detector.firebase_client: SSE stream connecting: https://ramada-elev-default-rtdb.europe-west1.firebasedatabase.app/elevators/D.json
2026-06-28 14:02:38 [INFO] detector: Config updated remotely (keys=['AUTO_LEARN_CONFIG', 'BOTTOM_FLOOR', 'FLOOR_WAITS', 'SHABBAT_ACTIVE', 'SHABBAT_BREAK_ACTIVE', 'SHABBAT_DETECTOR', 'SHABBAT_MODE', 'STOPPING_FLOORS', 'STOPPING_FLOORS_DOWN', 'STOPPING_FLOORS_UP', 'TIME_PASS_FLOOR', 'TIME_PER_FLOOR', 'TOP_FLOOR', 'VISIBLE_FLOORS', 'secret_key'])
2026-06-28 14:42:38 [WARNING] shabbat_detector.firebase_client: Background stream error (/settings.json): ("Connection broken: ConnectionResetError(104, 'Connection reset by peer')", ConnectionResetError(104, 'Connection reset by peer'))
2026-06-28 14:42:48 [INFO] shabbat_detector.firebase_client: SSE stream connecting: https://ramada-elev-default-rtdb.europe-west1.firebasedatabase.app/settings.json
2026-06-28 14:48:34 [INFO] shabbat_detector.cycle_analyzer: Cycle aborted: returned to BOTTOM without reaching TOP
2026-06-28 14:49:23 [INFO] shabbat_detector.cycle_analyzer: Cycle aborted: returned to BOTTOM without reaching TOP
2026-06-28 14:52:56 [INFO] detector: Shutting down (signal 15)
2026-06-28 14:52:57 [INFO] detector: Detector starting for elevator D (test_mode=False)
2026-06-28 14:52:58 [INFO] detector: Loaded config: TOP=12 BOTTOM=-3 TIME_PER_FLOOR=26
2026-06-28 14:52:58 [INFO] shabbat_detector.state_persistence: Restored state from /var/lib/shabbat_detector/state_D.json
2026-06-28 14:52:58 [INFO] detector: FSM restored: state=DetectorState.CANDIDATE_SHABBAT
2026-06-28 14:52:58 [INFO] detector: AutoLearner restored: 1177 cycle(s)
2026-06-28 14:52:58 [INFO] shabbat_detector.firebase_client: SSE stream connecting: https://ramada-elev-default-rtdb.europe-west1.firebasedatabase.app/elevator_configs/D.json
2026-06-28 14:52:58 [INFO] shabbat_detector.firebase_client: SSE stream connecting: https://ramada-elev-default-rtdb.europe-west1.firebasedatabase.app/settings.json
2026-06-28 14:52:58 [INFO] detector: Listening for elevator events...
2026-06-28 14:52:58 [INFO] shabbat_detector.firebase_client: SSE stream connecting: https://ramada-elev-default-rtdb.europe-west1.firebasedatabase.app/elevators/D.json
2026-06-28 14:53:58 [INFO] detector: Config updated remotely (keys=['AUTO_LEARN_CONFIG', 'BOTTOM_FLOOR', 'FLOOR_WAITS', 'SHABBAT_ACTIVE', 'SHABBAT_BREAK_ACTIVE', 'SHABBAT_DETECTOR', 'SHABBAT_MODE', 'STOPPING_FLOORS', 'STOPPING_FLOORS_DOWN', 'STOPPING_FLOORS_UP', 'TIME_PASS_FLOOR', 'TIME_PER_FLOOR', 'TOP_FLOOR', 'VISIBLE_FLOORS', 'secret_key'])
2026-06-28 14:54:45 [INFO] detector: Shutting down (signal 15)
